<?xml version="1.0" encoding="UTF-8"?>
<!-- Generated by org.testng.reporters.JUnitReportReporter -->
<testsuite hostname="BLRKEC80998L" name="TestNGPrac.TestngAnnotation3" tests="2" failures="0" timestamp="25 Oct 2016 15:14:00 GMT" time="0.000" errors="0">
  <testcase name="TestMethod2Class3" time="0.000" classname="TestNGPrac.TestngAnnotation3"/>
  <testcase name="TestMethod1Class3" time="0.000" classname="TestNGPrac.TestngAnnotation3"/>
</testsuite> <!-- TestNGPrac.TestngAnnotation3 -->
