<?xml version="1.0" encoding="UTF-8"?>
<!-- Generated by org.testng.reporters.JUnitReportReporter -->
<testsuite hostname="BLRKEC80998L" name="TestNGPrac.TestngAnnotation" tests="2" failures="0" timestamp="14 Oct 2016 09:16:59 GMT" time="0.032" errors="0">
  <testcase name="testCase1" time="0.032" classname="TestNGPrac.TestngAnnotation"/>
  <testcase name="testCase2" time="0.000" classname="TestNGPrac.TestngAnnotation"/>
</testsuite> <!-- TestNGPrac.TestngAnnotation -->
