<?xml version="1.0" encoding="UTF-8"?>
<!-- Generated by org.testng.reporters.JUnitReportReporter -->
<testsuite hostname="BLRKEC80998L" name="TestNGPrac.TestngAnnotation3" tests="2" failures="0" timestamp="27 Oct 2016 16:18:26 GMT" time="0.016" errors="0">
  <testcase name="TestMethod1Class3" time="0.016" classname="TestNGPrac.TestngAnnotation3"/>
  <testcase name="TestMethod2Class3" time="0.000" classname="TestNGPrac.TestngAnnotation3"/>
</testsuite> <!-- TestNGPrac.TestngAnnotation3 -->
