<?xml version="1.0" encoding="UTF-8"?>
<!-- Generated by org.testng.reporters.JUnitReportReporter -->
<testsuite hostname="BLRKEC80998L" name="TestNGPrac.TestngAnnotation3" tests="2" failures="0" timestamp="17 Nov 2016 04:59:56 GMT" time="0.062" errors="0">
  <testcase name="TestMethod2Class3" time="0.017" classname="TestNGPrac.TestngAnnotation3"/>
  <testcase name="TestMethod1Class3" time="0.045" classname="TestNGPrac.TestngAnnotation3"/>
</testsuite> <!-- TestNGPrac.TestngAnnotation3 -->
