<?xml version="1.0" encoding="UTF-8"?>
<!-- Generated by org.testng.reporters.JUnitReportReporter -->
<testsuite hostname="BLRKEC80998L" name="TestNGPrac.TestngAnnotation1" tests="2" failures="0" timestamp="27 Oct 2016 16:18:26 GMT" time="0.016" errors="0">
  <testcase name="testCaseFail" time="0.016" classname="TestNGPrac.TestngAnnotation1"/>
  <testcase name="testCasePass" time="0.000" classname="TestNGPrac.TestngAnnotation1"/>
</testsuite> <!-- TestNGPrac.TestngAnnotation1 -->
